# JRE version: OpenJDK Runtime Environment (8.0_152-b02) (build 1.8.0_152-release-1024-b02)
# Java VM: OpenJDK 64-Bit Server VM (25.152-b02 mixed mode windows-amd64 compressed oops)
Heap:
 PSYoungGen      total 445952K, used 283076K [0x00000000e0000000, 0x00000000fcf00000, 0x0000000100000000)
  eden space 432128K, 62% used [0x00000000e0000000,0x00000000f06f26e8,0x00000000fa600000)
  from space 13824K, 99% used [0x00000000fc180000,0x00000000fcefebc0,0x00000000fcf00000)
  to   space 15360K, 0% used [0x00000000fb100000,0x00000000fb100000,0x00000000fc000000)
 ParOldGen       total 155648K, used 16573K [0x00000000a0000000, 0x00000000a9800000, 0x00000000e0000000)
  object space 155648K, 10% used [0x00000000a0000000,0x00000000a102f448,0x00000000a9800000)
 Metaspace       used 51142K, capacity 52686K, committed 52952K, reserved 1095680K
  class space    used 6973K, capacity 7354K, committed 7424K, reserved 1048576K
GC Heap History (10 events):
Event: 4.359 GC heap before
{Heap before GC invocations=6 (full 1):
 PSYoungGen      total 213504K, used 38917K [0x00000000e0000000, 0x00000000f1300000, 0x0000000100000000)
  eden space 202752K, 13% used [0x00000000e0000000,0x00000000e1b87e50,0x00000000ec600000)
  from space 10752K, 99% used [0x00000000f0880000,0x00000000f12f9640,0x00000000f1300000)
  to   space 10752K, 0% used [0x00000000efe00000,0x00000000efe00000,0x00000000f0880000)
 ParOldGen       total 100352K, used 10765K [0x00000000a0000000, 0x00000000a6200000, 0x00000000e0000000)
  object space 100352K, 10% used [0x00000000a0000000,0x00000000a0a83558,0x00000000a6200000)
 Metaspace       used 34622K, capacity 35182K, committed 35416K, reserved 1079296K
  class space    used 4771K, capacity 4967K, committed 4992K, reserved 1048576K
Event: 4.369 GC heap after
Heap after GC invocations=6 (full 1):
 PSYoungGen      total 270848K, used 9660K [0x00000000e0000000, 0x00000000f5400000, 0x0000000100000000)
  eden space 260096K, 0% used [0x00000000e0000000,0x00000000e0000000,0x00000000efe00000)
  from space 10752K, 89% used [0x00000000efe00000,0x00000000f076f1d8,0x00000000f0880000)
  to   space 13312K, 0% used [0x00000000f4700000,0x00000000f4700000,0x00000000f5400000)
 ParOldGen       total 100352K, used 10773K [0x00000000a0000000, 0x00000000a6200000, 0x00000000e0000000)
  object space 100352K, 10% used [0x00000000a0000000,0x00000000a0a85558,0x00000000a6200000)
 Metaspace       used 34622K, capacity 35182K, committed 35416K, reserved 1079296K
  class space    used 4771K, capacity 4967K, committed 4992K, reserved 1048576K
}
Event: 4.369 GC heap before
{Heap before GC invocations=7 (full 2):
 PSYoungGen      total 270848K, used 9660K [0x00000000e0000000, 0x00000000f5400000, 0x0000000100000000)
  eden space 260096K, 0% used [0x00000000e0000000,0x00000000e0000000,0x00000000efe00000)
  from space 10752K, 89% used [0x00000000efe00000,0x00000000f076f1d8,0x00000000f0880000)
  to   space 13312K, 0% used [0x00000000f4700000,0x00000000f4700000,0x00000000f5400000)
 ParOldGen       total 100352K, used 10773K [0x00000000a0000000, 0x00000000a6200000, 0x00000000e0000000)
  object space 100352K, 10% used [0x00000000a0000000,0x00000000a0a85558,0x00000000a6200000)
 Metaspace       used 34622K, capacity 35182K, committed 35416K, reserved 1079296K
  class space    used 4771K, capacity 4967K, committed 4992K, reserved 1048576K
Event: 4.414 GC heap after
Heap after GC invocations=7 (full 2):
 PSYoungGen      total 270848K, used 0K [0x00000000e0000000, 0x00000000f5400000, 0x0000000100000000)
  eden space 260096K, 0% used [0x00000000e0000000,0x00000000e0000000,0x00000000efe00000)
  from space 10752K, 0% used [0x00000000efe00000,0x00000000efe00000,0x00000000f0880000)
  to   space 13312K, 0% used [0x00000000f4700000,0x00000000f4700000,0x00000000f5400000)
 ParOldGen       total 155648K, used 16106K [0x00000000a0000000, 0x00000000a9800000, 0x00000000e0000000)
  object space 155648K, 10% used [0x00000000a0000000,0x00000000a0fba858,0x00000000a9800000)
 Metaspace       used 34622K, capacity 35182K, committed 35416K, reserved 1079296K
  class space    used 4771K, capacity 4967K, committed 4992K, reserved 1048576K
}
Event: 6.841 GC heap before
{Heap before GC invocations=8 (full 2):
 PSYoungGen      total 270848K, used 260096K [0x00000000e0000000, 0x00000000f5400000, 0x0000000100000000)
  eden space 260096K, 100% used [0x00000000e0000000,0x00000000efe00000,0x00000000efe00000)
  from space 10752K, 0% used [0x00000000efe00000,0x00000000efe00000,0x00000000f0880000)
  to   space 13312K, 0% used [0x00000000f4700000,0x00000000f4700000,0x00000000f5400000)
 ParOldGen       total 155648K, used 16106K [0x00000000a0000000, 0x00000000a9800000, 0x00000000e0000000)
  object space 155648K, 10% used [0x00000000a0000000,0x00000000a0fba858,0x00000000a9800000)
 Metaspace       used 41197K, capacity 42092K, committed 42328K, reserved 1085440K
  class space    used 5627K, capacity 5901K, committed 6016K, reserved 1048576K
Event: 6.851 GC heap after
Heap after GC invocations=8 (full 2):
 PSYoungGen      total 334336K, used 12272K [0x00000000e0000000, 0x00000000f8b80000, 0x0000000100000000)
  eden space 321024K, 0% used [0x00000000e0000000,0x00000000e0000000,0x00000000f3980000)
  from space 13312K, 92% used [0x00000000f4700000,0x00000000f52fc0e8,0x00000000f5400000)
  to   space 13824K, 0% used [0x00000000f3980000,0x00000000f3980000,0x00000000f4700000)
 ParOldGen       total 155648K, used 16114K [0x00000000a0000000, 0x00000000a9800000, 0x00000000e0000000)
  object space 155648K, 10% used [0x00000000a0000000,0x00000000a0fbc858,0x00000000a9800000)
 Metaspace       used 41197K, capacity 42092K, committed 42328K, reserved 1085440K
  class space    used 5627K, capacity 5901K, committed 6016K, reserved 1048576K
}
Event: 9.848 GC heap before
{Heap before GC invocations=9 (full 2):
 PSYoungGen      total 334336K, used 333296K [0x00000000e0000000, 0x00000000f8b80000, 0x0000000100000000)
  eden space 321024K, 100% used [0x00000000e0000000,0x00000000f3980000,0x00000000f3980000)
  from space 13312K, 92% used [0x00000000f4700000,0x00000000f52fc0e8,0x00000000f5400000)
  to   space 13824K, 0% used [0x00000000f3980000,0x00000000f3980000,0x00000000f4700000)
 ParOldGen       total 155648K, used 16114K [0x00000000a0000000, 0x00000000a9800000, 0x00000000e0000000)
  object space 155648K, 10% used [0x00000000a0000000,0x00000000a0fbc858,0x00000000a9800000)
 Metaspace       used 41200K, capacity 42092K, committed 42328K, reserved 1085440K
  class space    used 5627K, capacity 5901K, committed 6016K, reserved 1048576K
Event: 9.855 GC heap after
Heap after GC invocations=9 (full 2):
 PSYoungGen      total 334848K, used 7868K [0x00000000e0000000, 0x00000000fcf00000, 0x0000000100000000)
  eden space 321024K, 0% used [0x00000000e0000000,0x00000000e0000000,0x00000000f3980000)
  from space 13824K, 56% used [0x00000000f3980000,0x00000000f412f300,0x00000000f4700000)
  to   space 13824K, 0% used [0x00000000fc180000,0x00000000fc180000,0x00000000fcf00000)
 ParOldGen       total 155648K, used 16122K [0x00000000a0000000, 0x00000000a9800000, 0x00000000e0000000)
  object space 155648K, 10% used [0x00000000a0000000,0x00000000a0fbe858,0x00000000a9800000)
 Metaspace       used 41200K, capacity 42092K, committed 42328K, reserved 1085440K
  class space    used 5627K, capacity 5901K, committed 6016K, reserved 1048576K
}
Event: 12.681 GC heap before
{Heap before GC invocations=10 (full 2):
 PSYoungGen      total 334848K, used 328892K [0x00000000e0000000, 0x00000000fcf00000, 0x0000000100000000)
  eden space 321024K, 100% used [0x00000000e0000000,0x00000000f3980000,0x00000000f3980000)
  from space 13824K, 56% used [0x00000000f3980000,0x00000000f412f300,0x00000000f4700000)
  to   space 13824K, 0% used [0x00000000fc180000,0x00000000fc180000,0x00000000fcf00000)
 ParOldGen       total 155648K, used 16122K [0x00000000a0000000, 0x00000000a9800000, 0x00000000e0000000)
  object space 155648K, 10% used [0x00000000a0000000,0x00000000a0fbe858,0x00000000a9800000)
 Metaspace       used 46605K, capacity 47564K, committed 47832K, reserved 1091584K
  class space    used 6288K, capacity 6581K, committed 6656K, reserved 1048576K
Event: 12.691 GC heap after
Heap after GC invocations=10 (full 2):
 PSYoungGen      total 445952K, used 13818K [0x00000000e0000000, 0x00000000fcf00000, 0x0000000100000000)
  eden space 432128K, 0% used [0x00000000e0000000,0x00000000e0000000,0x00000000fa600000)
  from space 13824K, 99% used [0x00000000fc180000,0x00000000fcefebc0,0x00000000fcf00000)
  to   space 15360K, 0% used [0x00000000fb100000,0x00000000fb100000,0x00000000fc000000)
 ParOldGen       total 155648K, used 16573K [0x00000000a0000000, 0x00000000a9800000, 0x00000000e0000000)
  object space 155648K, 10% used [0x00000000a0000000,0x00000000a102f448,0x00000000a9800000)
 Metaspace       used 46605K, capacity 47564K, committed 47832K, reserved 1091584K
  class space    used 6288K, capacity 6581K, committed 6656K, reserved 1048576K
}

